/home/dmitry/Documents/work/git/CategorizationPoll/../codefights/codefights-data/zigzag
absoluteValuesSumMinimization linear-arrays
adaNumber programming-languages
add basics
addBorder multidimensional-arrays
addDigits loops
addTwoDigits loops
additionWithoutCarrying loops
adjacentElementsProduct linear-arrays
alarmClock programming-languages
alienTime programming-languages
allLongestStrings strings
allianceHelp conditions
allianceVersusMonster greedy-approach
almostIncreasingSequence linear-arrays
alphabetSubsequence strings
alphabetSubstring strings
alphabeticShift strings
alphabeticShiftEncoding strings
alphanumericLess programming-languages
alternatingSums linear-arrays
amicableNumbers iterative-complete-search
angleType conditions
appleBoxes loops
applesDistribution loops
areEquallyStrong conditions
areIsomorphic multidimensional-arrays
arePrizesOK conditions
areSimilar linear-arrays
areSimilarNumbers conditions
arithmeticExpression conditions
arithmeticProgression basics
armyMarch miscellaneous
arrayCenter greedy-approach
arrayChange greedy-approach
arrayComplexElementsProduct basics
arrayConversion programming-languages
arrayElementsProduct linear-arrays
arrayElementsSum linear-arrays
arrayEqualization greedy-approach
arrayKthGreatest linear-arrays
arrayKthGreatestQuick linear-arrays
arrayMaxConsecutiveSum linear-arrays
arrayMaxConsecutiveSum2 linear-arrays
arrayMaximalAdjacentDifference linear-arrays
arrayMaximalDifference linear-arrays
arrayMedian sorting-algorithms
arrayMinimum linear-arrays
arrayMinimumAboveBound linear-arrays
arrayMinimumIndex linear-arrays
arrayMode counting-sort
arrayPacking programming-languages
arrayPreviousLess linear-arrays
arrayReplace linear-arrays
arraySumAdjacentDifference linear-arrays
avoidObstacles iterative-complete-search
axisAlignedBoundingBox geometry
axisAlignedCirclesBoundingBox geometry
backupHistory linear-arrays
backupTimeEstimator programming-languages
balancedBinaryTreeDiameter conditions
ballPermutations dp-basic-multidimensional
ballsDistribution loops
bankRequests loops
beautifulText strings
bettingGame loops
bfsComponentSize graph-traversal
bfsConnectedComponents graph-traversal
bfsDistancesUnweightedGraph graph-traversal
bfsDistancesUnweightedGraph2 graph-traversal
biggerWord strings
bijectiveBase10 programming-languages
binaryPower loops
binarySearch binary-search
bishopAndPawn conditions
bitCount bitwise-operations
blackAndWhiteBoard linked-lists
borderSums multidimensional-arrays
boxBlur multidimensional-arrays
boxPiles linear-arrays
boxesPacking sorting-algorithms
browserPlugin linked-lists
bubbleSort sorting-algorithms
buildPalindrome strings
busyHolidays matching&flows
cacheJumping linked-lists
caesarBoxCipherEncoding linked-lists
caesarBoxCipherEncoding2 strings
campusCup algorithms&data-structures
candies basics
candles loops
capitalizeVowelsRegExp regular-expressions
caseUnification strings
catalogUpdate hashtables
categoryRecommendations hashtables
centuryFromYear basics
champernowneDigit loops
changeRoot graph-traversal
characterParity conditions
charactersRearrangement strings
chartFix loops
checkData strings
checkEqualFrequency linear-arrays
checkFactorial loops
checkIncreasingSequence linear-arrays
checkPalindrome strings
checkSameElementExistence linear-arrays
chessBoardCellColor conditions
chessBoardSquaresUnderQueenAttack loops
chessKnight conditions
chessKnightMoves conditions
chipMoving dp-basic-multidimensional
christmasToys queues
christmasTree loops
circleOfNumbers basics
clockDigitsCount loops
closestCommonParent graphs
closestLocation programming-languages
closestSequence complete-search
closestSequence2 complete-search
closestSequence3 complete-search
closestString counting-sort
combs bitwise-operations
commonCharacterCount counting-sort
commonPoints conditions
companyBotStrategy loops
compareIntegers strings
computeDefiniteIntegral loops
computerNetwork matching&flows
concatenateArrays linear-arrays
concatenateNumbers linear-arrays
concatenationProcess linear-arrays
concurrentBackups recursive-complete-search
constructArray linear-arrays
constructSquare counting-sort
constructSubmatrix multidimensional-arrays
coolString strings
correctEmails recursive-complete-search
correctNonogram multidimensional-arrays
countBinarySequences loops
countBlackCells geometry
countCircleColorings dp-basic-1-dimensional
countDistantPairs strings
countElements strings
countIncreasingSequences dp-basic-multidimensional
countInversionsNaive linear-arrays
countLineColorings loops
countLuckyNumbers dp-basic-multidimensional
countNeighbouringPairs linear-arrays
countPathsThroughCell dp-basic-multidimensional
countSumOfTwoRepresentations loops
countSumOfTwoRepresentations2 loops
countSumOfTwoRepresentations3 loops
countTowers dp-basic-1-dimensional
countTriangles loops
countVisibleTowerPairs geometry
countWays dp-basic-multidimensional
countWaysToChangeDigit programming-languages
countWaysToDecorate dp-bitmasks
countWaysToReachFinish dp-bitmasks
create2DArray multidimensional-arrays
createAnagram counting-sort
createArray linear-arrays
crossingSum multidimensional-arrays
crossroads two-pointers
crosswordFormation programming-languages
cryptarithm recursive-complete-search
cubeVolume basics
cyclicQueue queues
cyclicSequence linear-arrays
cyclicString strings
dailyIntake dp-basic-multidimensional
dailyOHLC hashtables
dataRoute shortest-paths
decipher strings
deleteDigit linear-arrays
deleteWhitespaces strings
delivery linear-arrays
deliveryFee linear-arrays
depositProfit loops
dfsCheckTree graph-traversal
dfsComponentSize graph-traversal
dfsConnectedComponents graph-traversal
differentDigitsNumberSearch counting-sort
differentSubstrings strings
differentSubstringsTrie strings
differentSymbolsNaive counting-sort
differentValues linear-arrays
differentValuesInMultiplicationTable multidimensional-arrays
differentValuesInMultiplicationTable2 multidimensional-arrays
digitCharactersSum type-conversions
digitDegree loops
digitDistanceNumber loops
digitSum loops
digitSumInverse dp-basic-multidimensional
digitSumsDifference dp-basic-multidimensional
digitalNumber dp-basic-multidimensional
digitalSumSort loops
digitsProduct loops
dijkstraDistances shortest-paths
displayDiff dp-recover-solution
divNumber loops
divideAsLongAsPossible loops
divisorsPairs linear-arrays
divisorsSubset two-pointers
divisorsSuperset two-pointers
domainAuction hashtables
domainForwarding graph-traversal
domainType strings
dotProduct basics
drawRectangle multidimensional-arrays
easyAssignmentProblem conditions
electionsWinners linear-arrays
emailGuessing strings
encloseInBrackets strings
equationSolutions loops
equidistantTriples linear-arrays
eratosthenesSieve loops
eulersTotientFunction loops
evenDigitsOnly loops
evenNumbersBeforeFixed linear-arrays
extraNumber conditions
extractEachKth linear-arrays
extractMatrixColumn multidimensional-arrays
factorSum loops
factorial loops
factorialTrailingZeros loops
factorialsProductTrailingZeros loops
factorizedGCD two-pointers
fancyRide conditions
fareEstimator loops
fareySequence gcd-euclid
farmingResources graph-traversal
feedOptimizer dp-recover-solution
fibonacciIndex programming-languages
fibonacciNumber loops
fibonacciSimpleSum loops
fibonacciSimpleSum2 loops
fibonacciSum dp-basic-1-dimensional
fileNaming strings
fileSyncOrder programming-languages
finalizeColoring multidimensional-arrays
findEmailDomain strings
findEqual linear-arrays
findHeapPredicate linear-arrays
findHyperlink strings
findPath multidimensional-arrays
findSquareSide conditions
findTheRemainder basics
firstArray linear-arrays
firstDigit strings
firstMultiple iterative-complete-search
firstMultiple2 iterative-complete-search
firstNotDivisible iterative-complete-search
firstOperationCharacter greedy-approach
fixedPointsPermutation linear-arrays
formatString strings
fractal recursion
fractionComparison basics
fractionDivision basics
fractionMultiplication basics
fractionReducing basics
fractionSubtraction basics
fractionSum basics
freeTickets queues
fromDecimal strings
fullName strings
game2048 multidimensional-arrays
gameOnGraph miscellaneous
gasPrediction linear-arrays
gcdEuclid loops
gcdNaive loops
generateExpression recursive-complete-search
generatePalindromes counting-sort
getMonthName conditions
graphEdges graphs
gravitation multidimensional-arrays
greatestCommonPrimeDivisor loops
greetPerson strings
growingPlant basics
hailstoneSequence loops
halvingSum loops
hammingDistance strings
hangman strings
higherVersion strings
holesErasing multidimensional-arrays
holiday programming-languages
houseNumbersSum loops
houseOfCats loops
howManyLines geometry
howManySundays miscellaneous
htmlEndTagByStartTag strings
htmlTable strings
htmlToLuna stacks
humbleNumber iterative-complete-search
imageTruncation multidimensional-arrays
imagesOverlapping multidimensional-arrays
improperFractionToMixed basics
incorrectPasscodeAttempts strings
increaseNumberRoundness programming-languages
increasingNumber greedy-approach
incrementalBackups loops
inseparableFriends dp-basic-multidimensional
insertDashes strings
insideCircle basics
integerToStringOfFixedWidth programming-languages
inversePermutation linear-arrays
isAdmissibleOverpayment programming-languages
isAdult conditions
isArithmeticProgression linear-arrays
isBeautifulString counting-sort
isCaseInsensitivePalindrome strings
isCorrectSentence strings
isDiagonalMatrix multidimensional-arrays
isDigit conditions
isDivisibleBy3 strings
isDivisibleBy6 strings
isEarlier linear-arrays
isGeometricProgression linear-arrays
isIPv4Address programming-languages
isIdentityMatrix multidimensional-arrays
isInRange conditions
isIncreasingDigitsSequence loops
isInfiniteProcess conditions
isInformationConsistent linear-arrays
isInsideTheCircle conditions
isItPoem strings
isLowerTriangularMatrix multidimensional-arrays
isLucky programming-languages
isLuckyNumber loops
isMAC48Address programming-languages
isMonotonous linear-arrays
isOneSwapEnough strings
isPangram counting-sort
isPerfectScore basics
isPermutation counting-sort
isPower loops
isPowerOfTwo loops
isPrime loops
isSkewSymmetricMatrix multidimensional-arrays
isSubstitutionCipher hashtables
isSum loops
isSumOfConsecutive loops
isSumOfConsecutive2 loops
isSuspiciousRespondent basics
isTandemRepeat strings
isTournament graphs
isUnstablePair strings
isUppercase conditions
isoscelesTriangle conditions
jetDashboard linear-arrays
jobScheduling greedy-approach
josephusProblem programming-languages
knapsackLight conditions
knapsackLight2 conditions
knightLikeChessPiece graph-traversal
knightsAndKnaves bitwise-operations
kthDigit type-conversions
kthDivisor linear-arrays
labyrinthWithTeleports graph-traversal
labyrinthsSum algorithms&data-structures
largestDistance loops
largestFullBinaryTree graph-traversal
largestNumber loops
largestSubsequence dp-basic-1-dimensional
largestSubset complete-search
lastDigit loops
lastDigitRegExp strings
latinLettersSearchRegExp strings
lazyFriends linear-arrays
leapYear conditions
leastCommonMultiple loops
leastCommonPrimeDivisor loops
leastFactorial loops
leastSignificantBit bitwise-operations
levenshteinDistance strings
lineEncoding strings
lineUp loops
linesGame multidimensional-arrays
liquidMixing linear-arrays
littleVariable basics
loadTimeEstimator linear-arrays
logicalNor basics
longestDigitsPrefix strings
longestSequence dp-basic-1-dimensional
longestString linear-arrays
longestWord strings
lookAndSaySequenceNextElement basics
losslessDataCompression strings
lrSegmentNumber programming-languages
magicalWell loops
makeArrayConsecutive counting-sort
makeArrayConsecutive2 counting-sort
marathonTaskScore conditions
matrixElementsSum multidimensional-arrays
matrixMultiplication multidimensional-arrays
matrixSum multidimensional-arrays
matrixTrace multidimensional-arrays
matrixTransposition multidimensional-arrays
maxDigit loops
maxDivisor loops
maxFraction loops
maxGCD gcd-euclid
maxNumberOfDivisorsPermutation complete-search
maxNumberOfDivisorsPermutation2 complete-search
maxSubarray linear-arrays
maxSubmatrixSum multidimensional-arrays
maxSumProduct greedy-approach
maxSumSegments linear-arrays
maxXorSum 
maxZeros programming-languages
maximalAllowableSubarrays linear-arrays
maximalEven linear-arrays
maximizeNumberRoundness programming-languages
maximumSum counting-sort
menuTypesetting multidimensional-arrays
merchantMinimization dp-bitmasks
mergeArrays two-pointers
mergeKArrays two-pointers
mergeSort sorting-algorithms
messageFromBinaryCode type-conversions
metroCard conditions
minMaxDifference linear-arrays
minesweeper multidimensional-arrays
minimalBasketPrice binary-search
minimalMultiple loops
minimalNumberOfCoins linear-arrays
mirrorBits bitwise-operations
missingNumber linear-arrays
mixedFractionToImproper basics
mostViewedWriters hashtables
multiSelection linear-arrays
multiplicationOfBigNumbers linear-arrays
multisetPermutations counting-sort
myAbs conditions
myCoffee conditions
myConcat strings
myFilter linear-arrays
myMaxOfThree conditions
myMin conditions
myReverse linear-arrays
mySqrt loops
mySqrtNaive loops
mySubstring strings
mySubstringByLength strings
nearestRoundNumber conditions
neighborhoodForMinimum linear-arrays
neighboringCells multidimensional-arrays
neighbouringElements multidimensional-arrays
nervousCats linear-arrays
nextPermutation linear-arrays
nextPrime loops
nextSecond conditions
niceFractions complete-search
niceFractions2 complete-search
nightRoute shortest-paths
nimGameNaive graphs
noAdjacentBits type-conversions
numberGuessingNaive dp-basic-1-dimensional
numberOfAnagrams counting-sort
numberOfCarries linear-arrays
numberOfClans dp-bitmasks
numberOfEvenDigits loops
numberOfOperations loops
numberOfPairsForLCM loops
numberOfSolutions loops
numberOfTriangles linear-arrays
numberOfTriangles2 linear-arrays
numberReverse type-conversions
obtainMaxNumber counting-sort
oddNumbersBeforeZero linear-arrays
oneTwoMany conditions
onlyEvenNumbers loops
ontology graph-traversal
opponentMatching linear-arrays
optimalStockBasket dp-basic-1-dimensional
ortogonalLines conditions
packageBoxing built-in-algorithms&data-structures
pagesNumbering type-conversions
pagesNumberingWithInk type-conversions
pairOfShoes built-in-algorithms&data-structures
palindromeRearranging counting-sort
parabole basics
parallelLines conditions
parkingCost type-conversions
parkingSpot multidimensional-arrays
partialSort linear-arrays
pascalPyramid lazy-dp
passingMark loops
passwordCheck strings
passwordCheckRegExp strings
patternMatching dp-basic-multidimensional
pawnRace conditions
pepEight conditions
pepEight2 conditions
percentageGreen basics
perfectArray linear-arrays
perfectCity conditions
perfectSquareOrCube conditions
perfectTeamOfMinimalSize dp-bitmasks
periodicSequence linear-arrays
permutationCycles linear-arrays
permutationShift linear-arrays
phoneCall conditions
pianoMelody dp-basic-1-dimensional
plagiarismCheck hashtables
pointInLine geometry
pointsInCompetition binary-search
polishNotation stacks
polygonPerimeter multidimensional-arrays
polylineArea geometry
polynomialMinimum binary-search
possibleHeights graph-traversal
power loops
powerRecursive loops
powersOfTwo bitwise-operations
prefixFunctionNaive strings
prefixSums linear-arrays
priceSuggestion built-in-algorithms&data-structures
primeFactors loops
primeFactors2 loops
primeSum dp-basic-multidimensional
proCategorization hashtables
projectsScheduling linear-arrays
properNounCorrection strings
properOrImproper conditions
quadraticEquation conditions
quasifactorial loops
questEfficiencyItem dp-basic-1-dimensional
questionCorrectionBot strings
queuePhoto queues
quickSort linear-arrays
quotientKthDigitAfterDecimalPoint loops
rangeArray loops
rangeBitCount loops
rangeCollapseRepresentations loops
ratingThreshold linear-arrays
reachNextLevel conditions
rectangleArea basics
rectangleRotation loops
rectanglesIntersection conditions
rectanglesUnionArea loops
recurringTask miscellaneous
recursivePermutations linear-arrays
reduceString strings
reflectString strings
regularBracketSequence1 loops
regularBracketSequence2 stacks
regularPolygon loops
relatedQuestions graph-traversal
removeAdjacent strings
removeArrayPart linear-arrays
removeDuplicateCharacters strings
removeDuplicateStrings linear-arrays
reorderingOfProducts binary-search
repeatedSubstring strings
replaceAllDigitsRegExp strings
replaceFirstDigitRegExp strings
requestMatching sorting-algorithms
resourceCatchUp basics
returnLocalValue basics
returnSecondParameter basics
returnTwelve conditions
reverseBits bitwise-operations
reverseGameOfLife dp-bitmasks
reverseString strings
reverseToSort linear-arrays
reverseWords strings
rhombicCipher multidimensional-arrays
rightTriangle conditions
rightmostRoundNumber linear-arrays
robotPath loops
robotWalk loops
roomBooking string-hashes
rounders loops
rowsRearranging multidimensional-arrays
runLengthEncoding strings
runnersMeetings linear-arrays
sameDigitNumber loops
sameElementsNaive loops
secretCode complete-search
segmentCover linear-arrays
segmentDeletionSlow linear-arrays
segmentSumsMatrix1 multidimensional-arrays
segmentSumsMatrix2 multidimensional-arrays
segmentsIntersection linear-arrays
segmentsUnion linear-arrays
semiprimeByNumber linear-arrays
sequenceElement linear-arrays
sequencePeakElement linear-arrays
serverFarm programming-languages
setDifference two-pointers
setIntersection two-pointers
setUnion two-pointers
shapeArea loops
shareAnApple conditions
shefferStroke basics
shoppingCart strings
shoppingList strings
shortestSolutionLength strings
showProps loops
shuffledArray linear-arrays
signOfNumber conditions
simplifiedSyllable strings
simplifyPath strings
smallestCyclicString binary-search
smallestMultiple loops
smallestNumber loops
smallestPalindrome strings
smartAssigning programming-languages
snakeGame multidimensional-arrays
sortByHeight built-in-algorithms&data-structures
sortByLength built-in-algorithms&data-structures
sortCharacters built-in-algorithms&data-structures
sortedIndices built-in-algorithms&data-structures
spamClusterization algorithms&data-structures
specialNumbers loops
specialPolynomial loops
specificSum loops
spiderMove graph-traversal
spiralNumbers multidimensional-arrays
splitAddress strings
splitByValue linear-arrays
splitString strings
squareDigitsSequence loops
squareInTheLabyrinth graph-traversal
squarePerimeter basics
squarePermutations programming-languages
squaresSumMinimization loops
strangeCode loops
stringsConstruction counting-sort
stringsCrossover strings
stringsRearrangement complete-search
subarrayCount linear-arrays
subdomains graph-traversal
subsequencePalindrome counting-sort
subsetForArithmeticProgression linear-arrays
subsetsSequence counting-sort
substringPolynomialHash conditions
subtractionGame recursion
sudoku multidimensional-arrays
suffixSums linear-arrays
sulkyBoy basics
sumBelowBound loops
sumOfBigNumbers linear-arrays
sumOfCoprimes loops
sumOfCubes loops
sumOfDivisors loops
sumOfMultiples loops
sumOfPowers loops
sumOfSquares loops
sumOfTheAngles basics
sumUpDigits strings
sumUpNumbers strings
summaryProficiency loops
superResources recursion
swapArrayHalves linear-arrays
swapArrayHalves2 linear-arrays
swapCase strings
swapNeighbouringDigits programming-languages
switchLights linear-arrays
symbolsPermutation counting-sort
taskMaker strings
tasksScheduling dp-bitmasks
tasksTypes linear-arrays
telephoneGame linear-arrays
tennisSet conditions
tetrisGame multidimensional-arrays
textJustification strings
textOverlayOnHeroImage multidimensional-arrays
theFile dp-basic-multidimensional
theJanitor counting-sort
threeAndFour loops
threeDaughters loops
threeGlasses queues
threeSplit loops
throwingBlocks loops
thueMorseSequence strings
timedReading strings
toAndFro loops
toAndFroNaive loops
toDecimal strings
trailingZeros loops
trapRooms graph-traversal
trapezoidalRule loops
treeBottom algorithms&data-structures
treeHeight graph-traversal
treeLCA graphs
triangleExistence conditions
troubleFiles linear-arrays
truncateString loops
twoArraysNthElement two-pointers
twoPolygons geometry
typeaheadSearch linear-arrays
typosquatting graph-traversal
uberPool conditions
uniqueChars strings
uniqueSubstringsTrie strings
validRoute linear-arrays
validTime type-conversions
variableName strings
verticesDegrees graph-traversal
videoPart type-conversions
visitsOnCircularRoad loops
volleyballPositions multidimensional-arrays
waterFilling geometry
waterTubes linear-arrays
whitespaceSearchRegExp strings
whoseMove conditions
whoseTurn strings
willYou basics
wordAbbreviation counting-sort
wordAbbreviation2 counting-sort
wordGuessingGame complete-search
wordSubtraction counting-sort
zFunctionNaive strings
zerosAndOnes linear-arrays
